<?xml version="1.0" encoding="UTF-8"?>
<!-- Generated by org.testng.reporters.JUnitXMLReporter -->
<testsuite ignored="0" hostname="HME1487-Ashik-MacBook.local" failures="0" tests="3" name="ChromeTest" time="43.789" errors="0" timestamp="2025-01-27T22:07:34 IST">
  <testcase classname="testCases.TC003_LoginDDT" name="verify_loginDDT" time="5.911"/>
  <testcase classname="testCases.TC003_LoginDDT" name="verify_loginDDT" time="13.091"/>
  <testcase classname="testCases.TC003_LoginDDT" name="verify_loginDDT" time="11.686"/>
</testsuite> <!-- ChromeTest -->
